\BOOKMARK [1][-]{section.1}{\376\377\137\025\212\000}{}% 1
\BOOKMARK [1][-]{section.2}{\376\377\170\024\213\250\217\307\172\013}{}% 2
\BOOKMARK [2][-]{subsection.2.1}{\376\377\147\064\175\040\215\035\123\366\145\257}{section.2}% 3
\BOOKMARK [2][-]{subsection.2.2}{\376\377\217\301\171\373\152\041\127\213}{section.2}% 4
\BOOKMARK [2][-]{subsection.2.3}{\376\377\145\057\143\001\124\021\221\317\147\072}{section.2}% 5
\BOOKMARK [3][-]{subsubsection.2.3.1}{\376\377\145\057\143\001\124\021\221\317\147\072\152\041\127\213\166\204\123\237\225\356\230\230\116\016\133\371\120\166\225\356\230\230}{subsection.2.3}% 6
\BOOKMARK [3][-]{subsubsection.2.3.2}{\376\377\176\277\140\047\145\057\143\001\124\021\221\317\147\072\116\016\217\157\225\364\226\224\123\026}{subsection.2.3}% 7
\BOOKMARK [3][-]{subsubsection.2.3.3}{\376\377\150\070\121\375\145\160}{subsection.2.3}% 8
\BOOKMARK [3][-]{subsubsection.2.3.4}{\376\377\133\236\163\260\140\035\215\357}{subsection.2.3}% 9
\BOOKMARK [1][-]{section.3}{\376\377\171\136\176\317\177\121\176\334}{}% 10
\BOOKMARK [2][-]{subsection.3.1}{\376\377\171\136\176\317\121\103\116\016\122\115\231\210\171\136\176\317\177\121\176\334}{section.3}% 11
\BOOKMARK [2][-]{subsection.3.2}{\376\377\123\167\171\357\171\136\176\317\177\121\176\334\123\312\121\166\176\323\147\204}{section.3}% 12
\BOOKMARK [3][-]{subsubsection.3.2.1}{\376\377\123\167\171\357\134\102}{subsection.3.2}% 13
\BOOKMARK [3][-]{subsubsection.3.2.2}{\376\377\154\140\123\026\134\102}{subsection.3.2}% 14
\BOOKMARK [3][-]{subsubsection.3.2.3}{\376\377\121\150\217\336\143\245\134\102}{subsection.3.2}% 15
\BOOKMARK [2][-]{subsection.3.3}{\376\377\133\214\145\164\166\204\123\167\171\357\171\136\176\317\177\121\176\334\123\312\121\166\213\255\176\303}{section.3}% 16
\BOOKMARK [1][-]{section.4}{\376\377\000C\000N\000N\152\041\127\213\121\167\117\123\143\242\213\250\116\016\164\006\211\343}{}% 17
\BOOKMARK [2][-]{subsection.4.1}{\376\377\176\317\121\170\166\204\000C\000N\000N\152\041\127\213}{section.4}% 18
\BOOKMARK [2][-]{subsection.4.2}{\376\377\116\343\170\001\177\026\213\321\217\307\172\013\166\204\164\006\211\343\116\016\123\315\140\035}{section.4}% 19
\BOOKMARK [3][-]{subsubsection.4.2.1}{\376\377\123\167\171\357\134\102\166\204\217\333\116\000\153\145\164\006\211\343}{subsection.4.2}% 20
\BOOKMARK [3][-]{subsubsection.4.2.2}{\376\377\154\140\123\026\134\102\124\214\121\150\217\336\143\245\134\102\166\204\217\333\116\000\153\145\164\006\211\343}{subsection.4.2}% 21
\BOOKMARK [3][-]{subsubsection.4.2.3}{\376\377\123\167\171\357\171\136\176\317\177\121\176\334\166\204\147\204\136\372}{subsection.4.2}% 22
\BOOKMARK [1][-]{section.5}{\376\377\134\102\176\247\155\361\136\246\123\167\171\357\171\136\176\317\177\121\176\334\000\040\000\050\000H\000D\000-\000C\000N\000N\000\051}{}% 23
\BOOKMARK [2][-]{subsection.5.1}{\376\377\000H\000D\000-\000C\000N\000N\166\204\147\266\147\204}{section.5}% 24
\BOOKMARK [2][-]{subsection.5.2}{\376\377\133\146\116\140\174\173\122\053\134\102\153\041\176\323\147\204}{section.5}% 25
\BOOKMARK [2][-]{subsection.5.3}{\376\377\000H\000D\000-\000C\000N\000N\166\204\213\255\176\303}{section.5}% 26
\BOOKMARK [1][-]{section.6}{\376\377\000K\000-\217\321\220\273\173\227\154\325\000\040\000\050\000K\000N\000N\000\051}{}% 27
\BOOKMARK [2][-]{subsection.6.1}{\376\377\000K\000N\000N\173\227\154\325\173\200\116\313}{section.6}% 28
\BOOKMARK [2][-]{subsection.6.2}{\376\377\133\236\232\214\176\323\147\234\122\006\147\220}{section.6}% 29
\BOOKMARK [2][-]{subsection.6.3}{\376\377\000K\000N\000N\173\227\154\325\117\030\123\026}{section.6}% 30
\BOOKMARK [3][-]{subsubsection.6.3.1}{\376\377\215\335\171\273\122\240\147\103\147\000\217\321\220\273\173\227\154\325\000M\000i\000t\000c\000h\000e\000l\000l\0009\0007}{subsection.6.3}% 31
\BOOKMARK [3][-]{subsubsection.6.3.2}{\376\377\000Q\000K\000N\000N\000\040\000\050\137\353\220\037\000K\000-\217\321\220\273\173\227\154\325\000\051}{subsection.6.3}% 32
\BOOKMARK [3][-]{subsubsection.6.3.3}{\376\377\122\250\140\001\000K\000-\217\321\220\273\173\227\154\325}{subsection.6.3}% 33
\BOOKMARK [2][-]{subsection.6.4}{\376\377\000K\000N\000N\134\017\176\323}{section.6}% 34
